<?xml version="1.0" encoding="UTF-8"?>
<testng-results ignored="0" total="1" passed="1" failed="0" skipped="0">
  <reporter-output>
  </reporter-output>
  <suite started-at="2022-08-01T00:17:07 GMT+05:30" name="Suite" finished-at="2022-08-01T00:19:37 GMT+05:30" duration-ms="149773">
    <groups>
    </groups>
    <test started-at="2022-08-01T00:17:07 GMT+05:30" name="Test" finished-at="2022-08-01T00:19:37 GMT+05:30" duration-ms="149773">
      <class name="Runner.AmainRunnerClass">
        <test-method is-config="true" signature="InitializeMethods()[pri:0, instance:Runner.AmainRunnerClass@31aa3ca5]" started-at="2022-08-01T00:17:06 GMT+05:30" name="InitializeMethods" finished-at="2022-08-01T00:17:07 GMT+05:30" duration-ms="1093" status="PASS">
          <reporter-output>
          </reporter-output>
        </test-method> <!-- InitializeMethods -->
        <test-method is-config="true" signature="setUp()[pri:0, instance:Runner.AmainRunnerClass@31aa3ca5]" started-at="2022-08-01T00:17:07 GMT+05:30" name="setUp" finished-at="2022-08-01T00:17:15 GMT+05:30" duration-ms="7747" status="PASS">
          <reporter-output>
          </reporter-output>
        </test-method> <!-- setUp -->
        <test-method signature="HoverElement()[pri:0, instance:Runner.AmainRunnerClass@31aa3ca5]" started-at="2022-08-01T00:17:15 GMT+05:30" name="HoverElement" finished-at="2022-08-01T00:19:34 GMT+05:30" duration-ms="139430" status="PASS">
          <reporter-output>
          </reporter-output>
        </test-method> <!-- HoverElement -->
        <test-method is-config="true" signature="tearDownMethod(org.testng.ITestResult)[pri:0, instance:Runner.AmainRunnerClass@31aa3ca5]" started-at="2022-08-01T00:19:34 GMT+05:30" name="tearDownMethod" finished-at="2022-08-01T00:19:37 GMT+05:30" duration-ms="2542" status="PASS">
          <params>
            <param index="0">
              <value>
                <![CDATA[[TestResult name=HoverElement status=SUCCESS method=AmainRunnerClass.HoverElement()[pri:0, instance:Runner.AmainRunnerClass@31aa3ca5] output={null}]]]>
              </value>
            </param>
          </params>
          <reporter-output>
          </reporter-output>
        </test-method> <!-- tearDownMethod -->
        <test-method is-config="true" signature="Clear()[pri:0, instance:Runner.AmainRunnerClass@31aa3ca5]" started-at="2022-08-01T00:19:37 GMT+05:30" name="Clear" finished-at="2022-08-01T00:19:37 GMT+05:30" duration-ms="470" status="PASS">
          <reporter-output>
          </reporter-output>
        </test-method> <!-- Clear -->
      </class> <!-- Runner.AmainRunnerClass -->
    </test> <!-- Test -->
  </suite> <!-- Suite -->
</testng-results>
