<?xml version="1.0" encoding="UTF-8"?>
<testng-results ignored="0" total="1" passed="1" failed="0" skipped="0">
  <reporter-output>
  </reporter-output>
  <suite started-at="2022-07-30T14:01:54 GMT+05:30" name="Default suite" finished-at="2022-07-30T14:03:40 GMT+05:30" duration-ms="106373">
    <groups>
    </groups>
    <test started-at="2022-07-30T14:01:54 GMT+05:30" name="Default test" finished-at="2022-07-30T14:03:40 GMT+05:30" duration-ms="106373">
      <class name="Runner.AmainRunnerClass">
        <test-method is-config="true" signature="InitializeMethods()[pri:0, instance:Runner.AmainRunnerClass@2cae1042]" started-at="2022-07-30T14:01:53 GMT+05:30" name="InitializeMethods" finished-at="2022-07-30T14:01:54 GMT+05:30" duration-ms="714" status="PASS">
          <reporter-output>
          </reporter-output>
        </test-method> <!-- InitializeMethods -->
        <test-method is-config="true" signature="setUp()[pri:0, instance:Runner.AmainRunnerClass@2cae1042]" started-at="2022-07-30T14:01:54 GMT+05:30" name="setUp" finished-at="2022-07-30T14:02:02 GMT+05:30" duration-ms="8226" status="PASS">
          <reporter-output>
          </reporter-output>
        </test-method> <!-- setUp -->
        <test-method signature="HoverElement()[pri:0, instance:Runner.AmainRunnerClass@2cae1042]" started-at="2022-07-30T14:02:02 GMT+05:30" name="HoverElement" finished-at="2022-07-30T14:03:39 GMT+05:30" duration-ms="96685" status="PASS">
          <reporter-output>
          </reporter-output>
        </test-method> <!-- HoverElement -->
        <test-method is-config="true" signature="tearDownMethod(org.testng.ITestResult)[pri:0, instance:Runner.AmainRunnerClass@2cae1042]" started-at="2022-07-30T14:03:39 GMT+05:30" name="tearDownMethod" finished-at="2022-07-30T14:03:40 GMT+05:30" duration-ms="1430" status="PASS">
          <params>
            <param index="0">
              <value>
                <![CDATA[[TestResult name=HoverElement status=SUCCESS method=AmainRunnerClass.HoverElement()[pri:0, instance:Runner.AmainRunnerClass@2cae1042] output={null}]]]>
              </value>
            </param>
          </params>
          <reporter-output>
          </reporter-output>
        </test-method> <!-- tearDownMethod -->
        <test-method is-config="true" signature="Clear()[pri:0, instance:Runner.AmainRunnerClass@2cae1042]" started-at="2022-07-30T14:03:40 GMT+05:30" name="Clear" finished-at="2022-07-30T14:03:40 GMT+05:30" duration-ms="352" status="PASS">
          <reporter-output>
          </reporter-output>
        </test-method> <!-- Clear -->
      </class> <!-- Runner.AmainRunnerClass -->
    </test> <!-- Default test -->
  </suite> <!-- Default suite -->
</testng-results>
